Vivado Simulator v2023.2.2
Copyright 1986-2022 Xilinx, Inc. All Rights Reserved.
Copyright 2022-2023 Advanced Micro Devices, Inc. All Rights Reserved.
Running: E:/XLINIX/Vivado/2023.2/bin/unwrapped/win64.o/xelab.exe --incr --debug typical --relax --mt 2 -L xil_defaultlib -L unisims_ver -L unimacro_ver -L secureip -L xpm --snapshot design_2_wrapper_behav xil_defaultlib.design_2_wrapper xil_defaultlib.glbl -log elaborate.log 
Using 2 slave threads.
Starting static elaboration
Pass Through NonSizing Optimizer
Completed static elaboration
Starting simulation data flow analysis
Completed simulation data flow analysis
Time Resolution for simulation is 1ps
Compiling module xil_defaultlib.mux21
Compiling module xil_defaultlib.design_2_mux21_0_0
Compiling module xil_defaultlib.mux41
Compiling module xil_defaultlib.design_2_mux41_0_0
Compiling module xil_defaultlib.design_2_mux41_0_1
Compiling module xil_defaultlib.design_2
Compiling module xil_defaultlib.design_2_wrapper
Compiling module xil_defaultlib.glbl
Built simulation snapshot design_2_wrapper_behav
