Vivado Simulator v2024.1
Copyright 1986-2022 Xilinx, Inc. All Rights Reserved.
Copyright 2022-2024 Advanced Micro Devices, Inc. All Rights Reserved.
Running: E:/XLINIX/Vivado/2024.1/bin/unwrapped/win64.o/xelab.exe --incr --debug typical --relax --mt 2 -L xil_defaultlib -L blk_mem_gen_v8_4_8 -L xbip_utils_v3_0_13 -L c_reg_fd_v12_0_9 -L xbip_dsp48_wrapper_v3_0_6 -L xbip_pipe_v3_0_9 -L xbip_dsp48_addsub_v3_0_9 -L xbip_addsub_v3_0_9 -L c_addsub_v12_0_18 -L c_gate_bit_v12_0_9 -L xbip_counter_v3_0_9 -L c_counter_binary_v12_0_19 -L unisims_ver -L unimacro_ver -L secureip -L xpm --snapshot design_3_wrapper_behav xil_defaultlib.design_3_wrapper xil_defaultlib.glbl -log elaborate.log 
Using 2 slave threads.
Starting static elaboration
Pass Through NonSizing Optimizer
Completed static elaboration
Starting simulation data flow analysis
Completed simulation data flow analysis
Time Resolution for simulation is 1ps
Compiling package std.standard
Compiling package std.textio
Compiling package ieee.std_logic_1164
Compiling package ieee.numeric_std
Compiling package c_counter_binary_v12_0_19.c_counter_binary_v12_0_19_viv_co...
Compiling package xbip_utils_v3_0_13.xbip_utils_v3_0_13_pkg
Compiling package xbip_counter_v3_0_9.xbip_counter_v3_0_9_viv_comp
Compiling package ieee.std_logic_arith
Compiling package ieee.std_logic_unsigned
Compiling package xbip_counter_v3_0_9.xbip_counter_v3_0_9_pkg
Compiling package c_counter_binary_v12_0_19.c_counter_binary_v12_0_19_pkg
Compiling package c_addsub_v12_0_18.c_addsub_v12_0_18_pkg_legacy
Compiling package c_reg_fd_v12_0_9.c_reg_fd_v12_0_9_viv_comp
Compiling package c_addsub_v12_0_18.c_addsub_v12_0_18_pkg
Compiling package unisim.vcomponents
Compiling module blk_mem_gen_v8_4_8.blk_mem_gen_v8_4_8_output_stage(...
Compiling module blk_mem_gen_v8_4_8.blk_mem_gen_v8_4_8_output_stage(...
Compiling module blk_mem_gen_v8_4_8.blk_mem_gen_v8_4_8_softecc_outpu...
Compiling module blk_mem_gen_v8_4_8.blk_mem_gen_v8_4_8_mem_module(C_...
Compiling module blk_mem_gen_v8_4_8.blk_mem_gen_v8_4_8(C_FAMILY="art...
Compiling module xil_defaultlib.design_3_blk_mem_gen_0_1
Compiling architecture structural of entity c_reg_fd_v12_0_9.c_reg_fd_v12_0_9_viv [\c_reg_fd_v12_0_9_viv(c_width=12...]
Compiling architecture muxcy_v of entity unisim.MUXCY [muxcy_default]
Compiling architecture xorcy_v of entity unisim.XORCY [xorcy_default]
Compiling architecture rtl of entity c_addsub_v12_0_18.c_addsub_v12_0_18_lut6_legacy [\c_addsub_v12_0_18_lut6_legacy(c...]
Compiling architecture synth of entity c_addsub_v12_0_18.c_addsub_v12_0_18_fabric_legacy [\c_addsub_v12_0_18_fabric_legacy...]
Compiling architecture synth of entity c_addsub_v12_0_18.c_addsub_v12_0_18_legacy [\c_addsub_v12_0_18_legacy(c_fami...]
Compiling architecture synth of entity c_counter_binary_v12_0_19.c_counter_binary_v12_0_19_legacy [\c_counter_binary_v12_0_19_legac...]
Compiling architecture synth of entity c_counter_binary_v12_0_19.c_counter_binary_v12_0_19_viv [\c_counter_binary_v12_0_19_viv(c...]
Compiling architecture xilinx of entity c_counter_binary_v12_0_19.c_counter_binary_v12_0_19 [\c_counter_binary_v12_0_19(c_xde...]
Compiling architecture design_3_c_counter_binary_0_1_arch of entity xil_defaultlib.design_3_c_counter_binary_0_1 [design_3_c_counter_binary_0_1_de...]
Compiling module xil_defaultlib.design_3
Compiling module xil_defaultlib.design_3_wrapper
Compiling module xil_defaultlib.glbl
Built simulation snapshot design_3_wrapper_behav
